<?xml version="1.0" encoding="UTF-8"?>
<!-- Generated by org.testng.reporters.JUnitReportReporter -->
<testsuite hostname="NGUYENHOAIAN" failures="0" tests="8" name="fpoly.ap" time="124.916" errors="0" timestamp="2023-04-17T17:56:37 ICT" skipped="0">
  <testcase classname="fpoly.ap" name="testNotSelectedCampus" time="3.402"/>
  <system-out/>
  <testcase classname="fpoly.ap" name="testNotVerifyGoogle" time="17.761"/>
  <system-out/>
  <testcase classname="fpoly.ap" name="testEmptyEmailGoogle" time="59.550"/>
  <system-out/>
  <testcase classname="fpoly.ap" name="testInvalidEmailGoogle" time="4.388"/>
  <system-out/>
  <testcase classname="fpoly.ap" name="testEmptyPasswordGoogle" time="8.850"/>
  <system-out/>
  <testcase classname="fpoly.ap" name="testInvalidPasswordGoogle" time="11.338"/>
  <system-out/>
  <testcase classname="fpoly.ap" name="testVadlidAccountGoogle" time="14.105"/>
  <system-out/>
  <testcase classname="fpoly.ap" name="testLogoutAccountGoogle" time="5.522"/>
  <system-out/>
</testsuite> <!-- fpoly.ap -->
